"2023-07-03 13:59:15,512 [INFO] com.Aditya.DrugsManagement.DrugsManagementApplication [restartedMain] Starting DrugsManagementApplication using Java 19.0.1 on WINDOWS-FO6CK5B with PID 14904 (C:\Users\User\Desktop\Case Study\PharmacyManagementSystem\DrugsManagement\target\classes started by User in C:\Users\User\Desktop\Case Study\PharmacyManagementSystem\DrugsManagement)
""2023-07-03 13:59:15,527 [INFO] com.Aditya.DrugsManagement.DrugsManagementApplication [restartedMain] No active profile set, falling back to 1 default profile: "default"
""2023-07-03 13:59:15,699 [INFO] org.springframework.boot.devtools.env.DevToolsPropertyDefaultsPostProcessor [restartedMain] Devtools property defaults active! Set 'spring.devtools.add-properties' to 'false' to disable
""2023-07-03 13:59:15,701 [INFO] org.springframework.boot.devtools.env.DevToolsPropertyDefaultsPostProcessor [restartedMain] For additional web related logging consider setting the 'logging.level.web' property to 'DEBUG'
""2023-07-03 13:59:18,654 [INFO] org.springframework.data.repository.config.RepositoryConfigurationDelegate [restartedMain] Bootstrapping Spring Data MongoDB repositories in DEFAULT mode.
""2023-07-03 13:59:19,477 [INFO] org.springframework.data.repository.config.RepositoryConfigurationDelegate [restartedMain] Finished Spring Data repository scanning in 787 ms. Found 1 MongoDB repository interfaces.
""2023-07-03 13:59:20,126 [INFO] org.springframework.cloud.context.scope.GenericScope [restartedMain] BeanFactory id=3e72840c-6e76-363d-832d-9614283ef257
""2023-07-03 13:59:21,476 [INFO] org.springframework.boot.web.embedded.tomcat.TomcatWebServer [restartedMain] Tomcat initialized with port(s): 8081 (http)
""2023-07-03 13:59:21,487 [INFO] org.apache.catalina.core.StandardService [restartedMain] Starting service [Tomcat]
""2023-07-03 13:59:21,488 [INFO] org.apache.catalina.core.StandardEngine [restartedMain] Starting Servlet engine: [Apache Tomcat/9.0.75]
""2023-07-03 13:59:21,692 [INFO] org.apache.catalina.core.ContainerBase.[Tomcat].[localhost].[/] [restartedMain] Initializing Spring embedded WebApplicationContext
""2023-07-03 13:59:21,696 [INFO] org.springframework.boot.web.servlet.context.ServletWebServerApplicationContext [restartedMain] Root WebApplicationContext: initialization completed in 5994 ms
""2023-07-03 13:59:23,262 [INFO] org.mongodb.driver.client [restartedMain] MongoClient with metadata {"driver": {"name": "mongo-java-driver|sync|spring-boot", "version": "4.6.1"}, "os": {"type": "Windows", "name": "Windows 10", "architecture": "amd64", "version": "10.0"}, "platform": "Java/Oracle Corporation/19.0.1+10-21"} created with settings MongoClientSettings{readPreference=primary, writeConcern=WriteConcern{w=null, wTimeout=null ms, journal=null}, retryWrites=true, retryReads=true, readConcern=ReadConcern{level=null}, credential=null, streamFactoryFactory=null, commandListeners=[], codecRegistry=ProvidersCodecRegistry{codecProviders=[ValueCodecProvider{}, BsonValueCodecProvider{}, DBRefCodecProvider{}, DBObjectCodecProvider{}, DocumentCodecProvider{}, IterableCodecProvider{}, MapCodecProvider{}, GeoJsonCodecProvider{}, GridFSFileCodecProvider{}, Jsr310CodecProvider{}, JsonObjectCodecProvider{}, BsonCodecProvider{}, EnumCodecProvider{}, com.mongodb.Jep395RecordCodecProvider@16f09c5e]}, clusterSettings={hosts=[localhost:27017], srvServiceName=mongodb, mode=SINGLE, requiredClusterType=UNKNOWN, requiredReplicaSetName='null', serverSelector='null', clusterListeners='[]', serverSelectionTimeout='30000 ms', localThreshold='30000 ms'}, socketSettings=SocketSettings{connectTimeoutMS=10000, readTimeoutMS=0, receiveBufferSize=0, sendBufferSize=0}, heartbeatSocketSettings=SocketSettings{connectTimeoutMS=10000, readTimeoutMS=10000, receiveBufferSize=0, sendBufferSize=0}, connectionPoolSettings=ConnectionPoolSettings{maxSize=100, minSize=0, maxWaitTimeMS=120000, maxConnectionLifeTimeMS=0, maxConnectionIdleTimeMS=0, maintenanceInitialDelayMS=0, maintenanceFrequencyMS=60000, connectionPoolListeners=[], maxConnecting=2}, serverSettings=ServerSettings{heartbeatFrequencyMS=10000, minHeartbeatFrequencyMS=500, serverListeners='[]', serverMonitorListeners='[]'}, sslSettings=SslSettings{enabled=false, invalidHostNameAllowed=false, context=null}, applicationName='null', compressorList=[], uuidRepresentation=JAVA_LEGACY, serverApi=null, autoEncryptionSettings=null, contextProvider=null}
""2023-07-03 13:59:24,133 [WARN] org.springframework.data.convert.CustomConversions [restartedMain] Registering converter from class java.time.LocalDateTime to class org.joda.time.LocalDateTime as reading converter although it doesn't convert from a store-supported type; You might want to check your annotation setup at the converter implementation
""2023-07-03 13:59:24,535 [INFO] org.mongodb.driver.connection [cluster-ClusterId{value='64a286e2447917317741203f', description='null'}-localhost:27017] Opened connection [connectionId{localValue:1, serverValue:2}] to localhost:27017
""2023-07-03 13:59:24,535 [INFO] org.mongodb.driver.connection [cluster-rtt-ClusterId{value='64a286e2447917317741203f', description='null'}-localhost:27017] Opened connection [connectionId{localValue:2, serverValue:1}] to localhost:27017
""2023-07-03 13:59:24,536 [INFO] org.mongodb.driver.cluster [cluster-ClusterId{value='64a286e2447917317741203f', description='null'}-localhost:27017] Monitor thread successfully connected to server with description ServerDescription{address=localhost:27017, type=STANDALONE, state=CONNECTED, ok=true, minWireVersion=0, maxWireVersion=17, maxDocumentSize=16777216, logicalSessionTimeoutMinutes=30, roundTripTimeNanos=1273647900}
""2023-07-03 13:59:24,596 [WARN] org.springframework.boot.devtools.autoconfigure.OptionalLiveReloadServer [restartedMain] Unable to start LiveReload server
""2023-07-03 13:59:24,744 [WARN] org.springframework.data.convert.CustomConversions [restartedMain] Registering converter from class java.time.LocalDateTime to class org.joda.time.LocalDateTime as reading converter although it doesn't convert from a store-supported type; You might want to check your annotation setup at the converter implementation
""2023-07-03 13:59:30,174 [INFO] org.springframework.cloud.commons.util.InetUtils [restartedMain] Cannot determine local hostname
""2023-07-03 13:59:30,295 [INFO] org.springframework.cloud.netflix.eureka.config.DiscoveryClientOptionalArgsConfiguration [restartedMain] Eureka HTTP Client uses RestTemplate.
""2023-07-03 13:59:31,474 [INFO] org.springframework.cloud.commons.util.InetUtils [restartedMain] Cannot determine local hostname
""2023-07-03 13:59:31,664 [WARN] org.springframework.cloud.loadbalancer.config.LoadBalancerCacheAutoConfiguration$LoadBalancerCaffeineWarnLogger [restartedMain] Spring Cloud LoadBalancer is currently working with the default cache. While this cache implementation is useful for development and tests, it's recommended to use Caffeine cache in production.You can switch to using Caffeine cache, by adding it and org.springframework.cache.caffeine.CaffeineCacheManager to the classpath.
""2023-07-03 13:59:31,721 [INFO] org.springframework.cloud.netflix.eureka.InstanceInfoFactory [restartedMain] Setting initial instance status as: STARTING
""2023-07-03 13:59:32,074 [INFO] com.netflix.discovery.DiscoveryClient [restartedMain] Initializing Eureka in region us-east-1
""2023-07-03 13:59:32,107 [INFO] com.netflix.discovery.shared.resolver.aws.ConfigClusterResolver [restartedMain] Resolving eureka endpoints via configuration
""2023-07-03 13:59:32,227 [INFO] com.netflix.discovery.DiscoveryClient [restartedMain] Disable delta property : false
""2023-07-03 13:59:32,228 [INFO] com.netflix.discovery.DiscoveryClient [restartedMain] Single vip registry refresh property : null
""2023-07-03 13:59:32,228 [INFO] com.netflix.discovery.DiscoveryClient [restartedMain] Force full registry fetch : false
""2023-07-03 13:59:32,228 [INFO] com.netflix.discovery.DiscoveryClient [restartedMain] Application is null : false
""2023-07-03 13:59:32,228 [INFO] com.netflix.discovery.DiscoveryClient [restartedMain] Registered Applications size is zero : true
""2023-07-03 13:59:32,229 [INFO] com.netflix.discovery.DiscoveryClient [restartedMain] Application version is -1: true
""2023-07-03 13:59:32,231 [INFO] com.netflix.discovery.DiscoveryClient [restartedMain] Getting all instance registry info from the eureka server
""2023-07-03 13:59:33,975 [INFO] com.netflix.discovery.DiscoveryClient [restartedMain] The response status is 200
""2023-07-03 13:59:33,994 [INFO] com.netflix.discovery.DiscoveryClient [restartedMain] Starting heartbeat executor: renew interval is: 30
""2023-07-03 13:59:34,008 [INFO] com.netflix.discovery.InstanceInfoReplicator [restartedMain] InstanceInfoReplicator onDemand update allowed rate per min is 4
""2023-07-03 13:59:34,029 [INFO] com.netflix.discovery.DiscoveryClient [restartedMain] Discovery Client initialized at timestamp 1688372974026 with initial instances count: 0
""2023-07-03 13:59:34,037 [INFO] org.springframework.cloud.netflix.eureka.serviceregistry.EurekaServiceRegistry [restartedMain] Registering application DRUG_MANAGEMENT with eureka with status UP
""2023-07-03 13:59:34,041 [INFO] com.netflix.discovery.DiscoveryClient [restartedMain] Saw local status change event StatusChangeEvent [timestamp=1688372974041, current=UP, previous=STARTING]
""2023-07-03 13:59:34,053 [INFO] com.netflix.discovery.DiscoveryClient [DiscoveryClient-InstanceInfoReplicator-0] DiscoveryClient_DRUG_MANAGEMENT/localhost:Drug_Management:8081: registering service...
""2023-07-03 13:59:34,107 [INFO] org.springframework.boot.web.embedded.tomcat.TomcatWebServer [restartedMain] Tomcat started on port(s): 8081 (http) with context path ''
""2023-07-03 13:59:34,113 [INFO] org.springframework.cloud.netflix.eureka.serviceregistry.EurekaAutoServiceRegistration [restartedMain] Updating port to 8081
""2023-07-03 13:59:34,372 [INFO] com.netflix.discovery.DiscoveryClient [DiscoveryClient-InstanceInfoReplicator-0] DiscoveryClient_DRUG_MANAGEMENT/localhost:Drug_Management:8081 - registration status: 204
""2023-07-03 13:59:35,272 [INFO] org.springframework.cloud.commons.util.InetUtils [restartedMain] Cannot determine local hostname
""2023-07-03 13:59:35,331 [INFO] com.Aditya.DrugsManagement.DrugsManagementApplication [restartedMain] Started DrugsManagementApplication in 22.701 seconds (JVM running for 23.913)
""2023-07-03 14:00:03,995 [INFO] com.netflix.discovery.DiscoveryClient [DiscoveryClient-CacheRefreshExecutor-0] Disable delta property : false
""2023-07-03 14:00:03,996 [INFO] com.netflix.discovery.DiscoveryClient [DiscoveryClient-CacheRefreshExecutor-0] Single vip registry refresh property : null
""2023-07-03 14:00:03,997 [INFO] com.netflix.discovery.DiscoveryClient [DiscoveryClient-CacheRefreshExecutor-0] Force full registry fetch : false
""2023-07-03 14:00:03,998 [INFO] com.netflix.discovery.DiscoveryClient [DiscoveryClient-CacheRefreshExecutor-0] Application is null : false
""2023-07-03 14:00:03,999 [INFO] com.netflix.discovery.DiscoveryClient [DiscoveryClient-CacheRefreshExecutor-0] Registered Applications size is zero : true
""2023-07-03 14:00:04,002 [INFO] com.netflix.discovery.DiscoveryClient [DiscoveryClient-CacheRefreshExecutor-0] Application version is -1: false
""2023-07-03 14:00:04,004 [INFO] com.netflix.discovery.DiscoveryClient [DiscoveryClient-CacheRefreshExecutor-0] Getting all instance registry info from the eureka server
""2023-07-03 14:00:04,055 [INFO] com.netflix.discovery.DiscoveryClient [DiscoveryClient-CacheRefreshExecutor-0] The response status is 200
""2023-07-03 14:04:32,238 [INFO] com.netflix.discovery.shared.resolver.aws.ConfigClusterResolver [AsyncResolver-bootstrap-executor-0] Resolving eureka endpoints via configuration
"