"2023-06-23 16:21:54,534 [INFO] com.Aditya.OrderManagement.OrderManagementApplication [restartedMain] Starting OrderManagementApplication using Java 19.0.1 on WINDOWS-FO6CK5B with PID 404 (C:\Users\User\Desktop\Case Study\PharmacyManagementSystem\OrderManagement\target\classes started by User in C:\Users\User\Desktop\Case Study\PharmacyManagementSystem\OrderManagement)
""2023-06-23 16:21:54,534 [INFO] com.Aditya.OrderManagement.OrderManagementApplication [restartedMain] No active profile set, falling back to 1 default profile: "default"
""2023-06-23 16:21:54,777 [INFO] org.springframework.data.repository.config.RepositoryConfigurationDelegate [restartedMain] Bootstrapping Spring Data MongoDB repositories in DEFAULT mode.
""2023-06-23 16:21:54,793 [INFO] org.springframework.data.repository.config.RepositoryConfigurationDelegate [restartedMain] Finished Spring Data repository scanning in 14 ms. Found 1 MongoDB repository interfaces.
""2023-06-23 16:21:54,938 [INFO] org.springframework.cloud.context.scope.GenericScope [restartedMain] BeanFactory id=3087a337-60ce-39dd-9a79-68d74ae905a6
""2023-06-23 16:21:55,003 [INFO] org.springframework.boot.web.embedded.tomcat.TomcatWebServer [restartedMain] Tomcat initialized with port(s): 8082 (http)
""2023-06-23 16:21:55,005 [INFO] org.apache.catalina.core.StandardService [restartedMain] Starting service [Tomcat]
""2023-06-23 16:21:55,006 [INFO] org.apache.catalina.core.StandardEngine [restartedMain] Starting Servlet engine: [Apache Tomcat/9.0.75]
""2023-06-23 16:21:55,051 [INFO] org.apache.catalina.core.ContainerBase.[Tomcat-1].[localhost].[/] [restartedMain] Initializing Spring embedded WebApplicationContext
""2023-06-23 16:21:55,053 [INFO] org.springframework.boot.web.servlet.context.ServletWebServerApplicationContext [restartedMain] Root WebApplicationContext: initialization completed in 516 ms
""2023-06-23 16:21:55,083 [INFO] org.mongodb.driver.client [restartedMain] MongoClient with metadata {"driver": {"name": "mongo-java-driver|sync|spring-boot", "version": "4.6.1"}, "os": {"type": "Windows", "name": "Windows 10", "architecture": "amd64", "version": "10.0"}, "platform": "Java/Oracle Corporation/19.0.1+10-21"} created with settings MongoClientSettings{readPreference=primary, writeConcern=WriteConcern{w=null, wTimeout=null ms, journal=null}, retryWrites=true, retryReads=true, readConcern=ReadConcern{level=null}, credential=null, streamFactoryFactory=null, commandListeners=[], codecRegistry=ProvidersCodecRegistry{codecProviders=[ValueCodecProvider{}, BsonValueCodecProvider{}, DBRefCodecProvider{}, DBObjectCodecProvider{}, DocumentCodecProvider{}, IterableCodecProvider{}, MapCodecProvider{}, GeoJsonCodecProvider{}, GridFSFileCodecProvider{}, Jsr310CodecProvider{}, JsonObjectCodecProvider{}, BsonCodecProvider{}, EnumCodecProvider{}, com.mongodb.Jep395RecordCodecProvider@2db25f40]}, clusterSettings={hosts=[localhost:27017], srvServiceName=mongodb, mode=SINGLE, requiredClusterType=UNKNOWN, requiredReplicaSetName='null', serverSelector='null', clusterListeners='[]', serverSelectionTimeout='30000 ms', localThreshold='30000 ms'}, socketSettings=SocketSettings{connectTimeoutMS=10000, readTimeoutMS=0, receiveBufferSize=0, sendBufferSize=0}, heartbeatSocketSettings=SocketSettings{connectTimeoutMS=10000, readTimeoutMS=10000, receiveBufferSize=0, sendBufferSize=0}, connectionPoolSettings=ConnectionPoolSettings{maxSize=100, minSize=0, maxWaitTimeMS=120000, maxConnectionLifeTimeMS=0, maxConnectionIdleTimeMS=0, maintenanceInitialDelayMS=0, maintenanceFrequencyMS=60000, connectionPoolListeners=[], maxConnecting=2}, serverSettings=ServerSettings{heartbeatFrequencyMS=10000, minHeartbeatFrequencyMS=500, serverListeners='[]', serverMonitorListeners='[]'}, sslSettings=SslSettings{enabled=false, invalidHostNameAllowed=false, context=null}, applicationName='null', compressorList=[], uuidRepresentation=JAVA_LEGACY, serverApi=null, autoEncryptionSettings=null, contextProvider=null}
""2023-06-23 16:21:55,100 [WARN] org.springframework.data.convert.CustomConversions [restartedMain] Registering converter from class java.time.LocalDateTime to class org.joda.time.LocalDateTime as reading converter although it doesn't convert from a store-supported type; You might want to check your annotation setup at the converter implementation
""2023-06-23 16:21:55,137 [WARN] org.springframework.boot.devtools.autoconfigure.OptionalLiveReloadServer [restartedMain] Unable to start LiveReload server
""2023-06-23 16:21:55,171 [WARN] org.springframework.data.convert.CustomConversions [restartedMain] Registering converter from class java.time.LocalDateTime to class org.joda.time.LocalDateTime as reading converter although it doesn't convert from a store-supported type; You might want to check your annotation setup at the converter implementation
""2023-06-23 16:21:55,188 [INFO] org.mongodb.driver.connection [cluster-rtt-ClusterId{value='6495794b79f9b21e8cd61a00', description='null'}-localhost:27017] Opened connection [connectionId{localValue:14, serverValue:122}] to localhost:27017
""2023-06-23 16:21:55,188 [INFO] org.mongodb.driver.connection [cluster-ClusterId{value='6495794b79f9b21e8cd61a00', description='null'}-localhost:27017] Opened connection [connectionId{localValue:15, serverValue:123}] to localhost:27017
""2023-06-23 16:21:55,189 [INFO] org.mongodb.driver.cluster [cluster-ClusterId{value='6495794b79f9b21e8cd61a00', description='null'}-localhost:27017] Monitor thread successfully connected to server with description ServerDescription{address=localhost:27017, type=STANDALONE, state=CONNECTED, ok=true, minWireVersion=0, maxWireVersion=17, maxDocumentSize=16777216, logicalSessionTimeoutMinutes=30, roundTripTimeNanos=52085000}
""2023-06-23 16:21:55,941 [INFO] org.springframework.cloud.netflix.eureka.config.DiscoveryClientOptionalArgsConfiguration [restartedMain] Eureka HTTP Client uses RestTemplate.
""2023-06-23 16:21:56,032 [WARN] org.springframework.cloud.loadbalancer.config.LoadBalancerCacheAutoConfiguration$LoadBalancerCaffeineWarnLogger [restartedMain] Spring Cloud LoadBalancer is currently working with the default cache. While this cache implementation is useful for development and tests, it's recommended to use Caffeine cache in production.You can switch to using Caffeine cache, by adding it and org.springframework.cache.caffeine.CaffeineCacheManager to the classpath.
""2023-06-23 16:21:56,039 [INFO] org.springframework.cloud.netflix.eureka.InstanceInfoFactory [restartedMain] Setting initial instance status as: STARTING
""2023-06-23 16:21:56,043 [INFO] com.netflix.discovery.DiscoveryClient [restartedMain] Initializing Eureka in region us-east-1
""2023-06-23 16:21:56,043 [INFO] com.netflix.discovery.shared.resolver.aws.ConfigClusterResolver [restartedMain] Resolving eureka endpoints via configuration
""2023-06-23 16:21:56,045 [INFO] com.netflix.discovery.DiscoveryClient [restartedMain] Disable delta property : false
""2023-06-23 16:21:56,045 [INFO] com.netflix.discovery.DiscoveryClient [restartedMain] Single vip registry refresh property : null
""2023-06-23 16:21:56,045 [INFO] com.netflix.discovery.DiscoveryClient [restartedMain] Force full registry fetch : false
""2023-06-23 16:21:56,045 [INFO] com.netflix.discovery.DiscoveryClient [restartedMain] Application is null : false
""2023-06-23 16:21:56,045 [INFO] com.netflix.discovery.DiscoveryClient [restartedMain] Registered Applications size is zero : true
""2023-06-23 16:21:56,045 [INFO] com.netflix.discovery.DiscoveryClient [restartedMain] Application version is -1: true
""2023-06-23 16:21:56,045 [INFO] com.netflix.discovery.DiscoveryClient [restartedMain] Getting all instance registry info from the eureka server
""2023-06-23 16:21:56,059 [INFO] com.netflix.discovery.DiscoveryClient [restartedMain] The response status is 200
""2023-06-23 16:21:56,060 [INFO] com.netflix.discovery.DiscoveryClient [restartedMain] Starting heartbeat executor: renew interval is: 30
""2023-06-23 16:21:56,061 [INFO] com.netflix.discovery.InstanceInfoReplicator [restartedMain] InstanceInfoReplicator onDemand update allowed rate per min is 4
""2023-06-23 16:21:56,062 [INFO] com.netflix.discovery.DiscoveryClient [restartedMain] Discovery Client initialized at timestamp 1687517516062 with initial instances count: 4
""2023-06-23 16:21:56,063 [INFO] org.springframework.cloud.netflix.eureka.serviceregistry.EurekaServiceRegistry [restartedMain] Registering application ORDER_MANAGEMENT with eureka with status UP
""2023-06-23 16:21:56,063 [INFO] com.netflix.discovery.DiscoveryClient [restartedMain] Saw local status change event StatusChangeEvent [timestamp=1687517516063, current=UP, previous=STARTING]
""2023-06-23 16:21:56,063 [INFO] com.netflix.discovery.DiscoveryClient [DiscoveryClient-InstanceInfoReplicator-0] DiscoveryClient_ORDER_MANAGEMENT/WINDOWS-FO6CK5B:Order_Management:8082: registering service...
""2023-06-23 16:21:56,067 [INFO] org.springframework.boot.web.embedded.tomcat.TomcatWebServer [restartedMain] Tomcat started on port(s): 8082 (http) with context path ''
""2023-06-23 16:21:56,067 [INFO] org.springframework.cloud.netflix.eureka.serviceregistry.EurekaAutoServiceRegistration [restartedMain] Updating port to 8082
""2023-06-23 16:21:56,073 [INFO] com.netflix.discovery.DiscoveryClient [DiscoveryClient-InstanceInfoReplicator-0] DiscoveryClient_ORDER_MANAGEMENT/WINDOWS-FO6CK5B:Order_Management:8082 - registration status: 204
""2023-06-23 16:21:56,139 [INFO] com.Aditya.OrderManagement.OrderManagementApplication [restartedMain] Started OrderManagementApplication in 1.787 seconds (JVM running for 67018.576)
""2023-06-23 16:21:56,141 [INFO] org.springframework.boot.devtools.autoconfigure.ConditionEvaluationDeltaLoggingListener [restartedMain] Condition evaluation unchanged
""2023-06-23 16:22:19,207 [INFO] org.apache.catalina.core.ContainerBase.[Tomcat-1].[localhost].[/] [http-nio-8082-exec-1] Initializing Spring DispatcherServlet 'dispatcherServlet'
""2023-06-23 16:22:19,208 [INFO] org.springframework.web.servlet.DispatcherServlet [http-nio-8082-exec-1] Initializing Servlet 'dispatcherServlet'
""2023-06-23 16:22:19,209 [INFO] org.springframework.web.servlet.DispatcherServlet [http-nio-8082-exec-1] Completed initialization in 1 ms
""2023-06-23 16:22:19,211 [INFO] com.Aditya.OrderManagement.ServiceImpl.OrderServiceImpl [http-nio-8082-exec-1] Fetching all orders
""2023-06-23 16:22:19,217 [INFO] org.mongodb.driver.connection [http-nio-8082-exec-1] Opened connection [connectionId{localValue:16, serverValue:124}] to localhost:27017
""2023-06-23 16:22:59,088 [INFO] org.springframework.boot.devtools.autoconfigure.LocalDevToolsAutoConfiguration$RestartingClassPathChangeChangedEventListener [File Watcher] Restarting due to 1 class path change (0 additions, 0 deletions, 1 modification)
""2023-06-23 16:22:59,091 [INFO] org.springframework.cloud.netflix.eureka.serviceregistry.EurekaServiceRegistry [Thread-35] Unregistering application ORDER_MANAGEMENT with eureka with status DOWN
""2023-06-23 16:22:59,093 [INFO] com.netflix.discovery.DiscoveryClient [Thread-35] Saw local status change event StatusChangeEvent [timestamp=1687517579093, current=DOWN, previous=UP]
""2023-06-23 16:22:59,093 [INFO] com.netflix.discovery.DiscoveryClient [DiscoveryClient-InstanceInfoReplicator-0] DiscoveryClient_ORDER_MANAGEMENT/WINDOWS-FO6CK5B:Order_Management:8082: registering service...
""2023-06-23 16:22:59,102 [INFO] com.netflix.discovery.DiscoveryClient [DiscoveryClient-InstanceInfoReplicator-0] DiscoveryClient_ORDER_MANAGEMENT/WINDOWS-FO6CK5B:Order_Management:8082 - registration status: 204
""2023-06-23 16:22:59,122 [INFO] org.apache.catalina.core.StandardService [Thread-35] Stopping service [Tomcat]
""2023-06-23 16:22:59,123 [INFO] org.apache.catalina.core.ContainerBase.[Tomcat-1].[localhost].[/] [Thread-35] Destroying Spring FrameworkServlet 'dispatcherServlet'
""2023-06-23 16:22:59,134 [INFO] com.netflix.discovery.DiscoveryClient [Thread-35] Shutting down DiscoveryClient ...
""2023-06-23 16:23:02,136 [INFO] com.netflix.discovery.DiscoveryClient [Thread-35] Unregistering ...
""2023-06-23 16:23:02,139 [INFO] com.netflix.discovery.DiscoveryClient [Thread-35] DiscoveryClient_ORDER_MANAGEMENT/WINDOWS-FO6CK5B:Order_Management:8082 - deregister  status: 200
""2023-06-23 16:23:02,142 [INFO] com.netflix.discovery.DiscoveryClient [Thread-35] Completed shut down of DiscoveryClient
"